2024-09-20 15:05:19,698 INFO: Initializing PS4Controller
2024-09-20 15:05:19,980 DEBUG: Pygame initialized
2024-09-20 15:05:19,980 DEBUG: Joystick initialized
2024-09-20 15:05:19,981 DEBUG: Number of buttons on the controller: 13
2024-09-20 15:05:19,988 INFO: Port /dev/ttyACM0 opened successfully
2024-09-20 15:05:20,000 INFO: Baudrate set to 57600
2024-09-20 15:05:20,001 INFO: Initialized PS4 controller and Dynamixel
2024-09-20 15:05:20,006 ERROR: Error setting operating mode for motor 1: [RxPacketError] Writing or Reading is not available to target address!
2024-09-20 15:05:20,006 INFO: Operating mode set to velocity for motor 1
2024-09-20 15:05:20,011 INFO: Torque enabled for motor 1
2024-09-20 15:05:20,012 INFO: Torque on for wheg_id=1
2024-09-20 15:05:20,017 ERROR: Error setting operating mode for motor 2: [RxPacketError] Writing or Reading is not available to target address!
2024-09-20 15:05:20,017 INFO: Operating mode set to velocity for motor 2
2024-09-20 15:05:20,022 INFO: Torque enabled for motor 2
2024-09-20 15:05:20,022 INFO: Torque on for wheg_id=2
2024-09-20 15:05:20,027 ERROR: Error setting operating mode for motor 3: [RxPacketError] Writing or Reading is not available to target address!
2024-09-20 15:05:20,028 INFO: Operating mode set to velocity for motor 3
2024-09-20 15:05:20,033 INFO: Torque enabled for motor 3
2024-09-20 15:05:20,033 INFO: Torque on for wheg_id=3
2024-09-20 15:05:20,038 ERROR: Error setting operating mode for motor 4: [RxPacketError] Writing or Reading is not available to target address!
2024-09-20 15:05:20,038 INFO: Operating mode set to velocity for motor 4
2024-09-20 15:05:20,043 INFO: Torque enabled for motor 4
2024-09-20 15:05:20,044 INFO: Torque on for wheg_id=4
2024-09-20 15:05:20,049 ERROR: Error setting operating mode for motor 5: [RxPacketError] Writing or Reading is not available to target address!
2024-09-20 15:05:20,049 INFO: Operating mode set to velocity for motor 5
2024-09-20 15:05:20,054 INFO: Torque enabled for motor 5
2024-09-20 15:05:20,054 INFO: Torque on for wheg_id=5
2024-09-20 15:05:20,059 ERROR: Error setting operating mode for motor 6: [RxPacketError] Writing or Reading is not available to target address!
2024-09-20 15:05:20,059 INFO: Operating mode set to velocity for motor 6
2024-09-20 15:05:20,064 INFO: Torque enabled for motor 6
2024-09-20 15:05:20,064 INFO: Torque on for wheg_id=6
2024-09-20 15:05:20,070 INFO: Operating mode set to position for motor 7
2024-09-20 15:05:20,075 INFO: Torque enabled for motor 7
2024-09-20 15:05:20,081 INFO: Operating mode set to position for motor 8
2024-09-20 15:05:20,087 INFO: Torque enabled for motor 8
2024-09-20 15:05:20,087 INFO: Getting button input
2024-09-20 15:05:20,087 DEBUG: Button square (index 3) state: 0
2024-09-20 15:05:20,087 DEBUG: Button x (index 0) state: 0
2024-09-20 15:05:20,087 DEBUG: Button circle (index 1) state: 0
2024-09-20 15:05:20,087 DEBUG: Button triangle (index 2) state: 0
2024-09-20 15:05:20,087 DEBUG: Button l1 (index 4) state: 0
2024-09-20 15:05:20,087 DEBUG: Button r1 (index 5) state: 0
2024-09-20 15:05:20,087 DEBUG: Button l2 (index 6) state: 0
2024-09-20 15:05:20,087 DEBUG: Button r2 (index 7) state: 0
2024-09-20 15:05:20,088 DEBUG: Button share (index 8) state: 0
2024-09-20 15:05:20,088 DEBUG: Button options (index 9) state: 0
2024-09-20 15:05:20,088 DEBUG: Button l3 (index 10) state: 0
2024-09-20 15:05:20,088 DEBUG: Button r3 (index 11) state: 0
2024-09-20 15:05:20,088 DEBUG: Button ps (index 12) state: 0
2024-09-20 15:05:20,088 DEBUG: Button states: {'square': 0, 'x': 0, 'circle': 0, 'triangle': 0, 'l1': 0, 'r1': 0, 'l2': 0, 'r2': 0, 'share': 0, 'options': 0, 'l3': 0, 'r3': 0, 'ps': 0}
2024-09-20 15:05:20,088 INFO: Getting trigger input
2024-09-20 15:05:20,088 DEBUG: Trigger values - L2: -1.0, R2: -1.0
2024-09-20 15:05:20,088 DEBUG: Trigger inputs: L2=-1.0, R2=-1.0
2024-09-20 15:05:20,088 DEBUG: Adjusting wheg speed: trigger_value=-1.0, current_rpm=0
2024-09-20 15:05:20,088 DEBUG: Adjusted wheg speed: target_rpm=0.0, current_rpm=0.0
2024-09-20 15:05:20,088 INFO: Changing to new gait: gait_1
2024-09-20 15:05:20,088 INFO: Executing Gait 1
2024-09-20 15:05:20,088 DEBUG: Setting wheg position: wheg_ids=[1, 2, 3, 4, 5, 6], position=180
2024-09-20 15:05:20,093 INFO: Torque disabled for motor 1
2024-09-20 15:05:20,099 INFO: Operating mode set to position for motor 1
2024-09-20 15:05:20,104 INFO: Torque enabled for motor 1
2024-09-20 15:05:20,109 INFO: Goal position 180 set for motor 1
2024-09-20 15:05:20,109 DEBUG: Set wheg position: wheg_id=1, position=180
2024-09-20 15:05:20,114 INFO: Torque disabled for motor 2
2024-09-20 15:05:20,119 INFO: Operating mode set to position for motor 2
2024-09-20 15:05:20,125 INFO: Torque enabled for motor 2
2024-09-20 15:05:20,130 INFO: Goal position 180 set for motor 2
2024-09-20 15:05:20,130 DEBUG: Set wheg position: wheg_id=2, position=180
2024-09-20 15:05:20,135 INFO: Torque disabled for motor 3
2024-09-20 15:05:20,140 INFO: Operating mode set to position for motor 3
2024-09-20 15:05:20,145 INFO: Torque enabled for motor 3
2024-09-20 15:05:20,151 INFO: Goal position 180 set for motor 3
2024-09-20 15:05:20,151 DEBUG: Set wheg position: wheg_id=3, position=180
2024-09-20 15:05:20,156 INFO: Torque disabled for motor 4
2024-09-20 15:05:20,161 INFO: Operating mode set to position for motor 4
2024-09-20 15:05:20,166 INFO: Torque enabled for motor 4
2024-09-20 15:05:20,172 INFO: Goal position 180 set for motor 4
2024-09-20 15:05:20,172 DEBUG: Set wheg position: wheg_id=4, position=180
2024-09-20 15:05:20,177 INFO: Torque disabled for motor 5
2024-09-20 15:05:20,182 INFO: Operating mode set to position for motor 5
2024-09-20 15:05:20,187 INFO: Torque enabled for motor 5
2024-09-20 15:05:20,193 INFO: Goal position 180 set for motor 5
2024-09-20 15:05:20,193 DEBUG: Set wheg position: wheg_id=5, position=180
2024-09-20 15:05:20,198 INFO: Torque disabled for motor 6
2024-09-20 15:05:20,203 INFO: Operating mode set to position for motor 6
2024-09-20 15:05:20,208 INFO: Torque enabled for motor 6
2024-09-20 15:05:20,214 INFO: Goal position 180 set for motor 6
2024-09-20 15:05:20,214 DEBUG: Set wheg position: wheg_id=6, position=180
2024-09-20 15:05:20,214 DEBUG: Setting pivot position: pivot_id=7, position=180
2024-09-20 15:05:20,220 INFO: Torque disabled for motor 7
2024-09-20 15:05:20,225 INFO: Operating mode set to position for motor 7
2024-09-20 15:05:20,231 INFO: Torque enabled for motor 7
2024-09-20 15:05:20,237 INFO: Goal position 180 set for motor 7
2024-09-20 15:05:20,237 DEBUG: Set pivot position: pivot_id=7, position=180
2024-09-20 15:05:20,237 DEBUG: Setting pivot position: pivot_id=8, position=180
2024-09-20 15:05:20,242 INFO: Torque disabled for motor 8
2024-09-20 15:05:20,248 INFO: Operating mode set to position for motor 8
2024-09-20 15:05:20,254 INFO: Torque enabled for motor 8
2024-09-20 15:05:20,260 INFO: Goal position 180 set for motor 8
2024-09-20 15:05:20,260 DEBUG: Set pivot position: pivot_id=8, position=180
2024-09-20 15:05:20,265 INFO: Torque disabled for motor 1
2024-09-20 15:05:20,265 INFO: Torque off for wheg_id=1
2024-09-20 15:05:20,270 INFO: Torque disabled for motor 2
2024-09-20 15:05:20,270 INFO: Torque off for wheg_id=2
2024-09-20 15:05:20,275 INFO: Torque disabled for motor 3
2024-09-20 15:05:20,275 INFO: Torque off for wheg_id=3
2024-09-20 15:05:20,280 INFO: Torque disabled for motor 4
2024-09-20 15:05:20,281 INFO: Torque off for wheg_id=4
2024-09-20 15:05:20,285 INFO: Torque disabled for motor 5
2024-09-20 15:05:20,286 INFO: Torque off for wheg_id=5
2024-09-20 15:05:20,291 INFO: Torque disabled for motor 6
2024-09-20 15:05:20,291 INFO: Torque off for wheg_id=6
2024-09-20 15:05:20,291 INFO: Closing PS4Controller and quitting pygame
2024-09-20 15:05:20,371 INFO: Port closed
2024-09-20 15:05:20,371 INFO: Shutdown complete.
