2024-09-20 15:27:33,651 INFO: Initializing PS4Controller
2024-09-20 15:27:33,960 DEBUG: Pygame initialized
2024-09-20 15:27:33,960 DEBUG: Joystick initialized
2024-09-20 15:27:33,960 DEBUG: Number of buttons on the controller: 13
2024-09-20 15:27:33,967 INFO: Port /dev/ttyACM0 opened successfully
2024-09-20 15:27:33,980 INFO: Baudrate set to 57600
2024-09-20 15:27:33,980 INFO: Initialized PS4 controller and Dynamixel
2024-09-20 15:27:33,986 INFO: Operating mode set to velocity for motor 1
2024-09-20 15:27:33,991 INFO: Torque enabled for motor 1
2024-09-20 15:27:33,991 INFO: Torque on for wheg_id=1
2024-09-20 15:27:33,997 INFO: Operating mode set to velocity for motor 2
2024-09-20 15:27:34,002 INFO: Torque enabled for motor 2
2024-09-20 15:27:34,002 INFO: Torque on for wheg_id=2
2024-09-20 15:27:34,007 INFO: Operating mode set to velocity for motor 3
2024-09-20 15:27:34,012 INFO: Torque enabled for motor 3
2024-09-20 15:27:34,013 INFO: Torque on for wheg_id=3
2024-09-20 15:27:34,018 INFO: Operating mode set to velocity for motor 4
2024-09-20 15:27:34,023 INFO: Torque enabled for motor 4
2024-09-20 15:27:34,023 INFO: Torque on for wheg_id=4
2024-09-20 15:27:34,028 INFO: Operating mode set to velocity for motor 5
2024-09-20 15:27:34,033 INFO: Torque enabled for motor 5
2024-09-20 15:27:34,033 INFO: Torque on for wheg_id=5
2024-09-20 15:27:34,038 INFO: Operating mode set to velocity for motor 6
2024-09-20 15:27:34,043 INFO: Torque enabled for motor 6
2024-09-20 15:27:34,044 INFO: Torque on for wheg_id=6
2024-09-20 15:27:34,049 ERROR: Error setting operating mode for motor 7: [RxPacketError] Writing or Reading is not available to target address!
2024-09-20 15:27:34,049 INFO: Operating mode set to position for motor 7
2024-09-20 15:27:34,055 INFO: Torque enabled for motor 7
2024-09-20 15:27:34,060 ERROR: Error setting operating mode for motor 8: [RxPacketError] Writing or Reading is not available to target address!
2024-09-20 15:27:34,061 INFO: Operating mode set to position for motor 8
2024-09-20 15:27:34,066 INFO: Torque enabled for motor 8
2024-09-20 15:27:34,066 INFO: Getting button input
2024-09-20 15:27:34,066 DEBUG: Button square (index 3) state: 0
2024-09-20 15:27:34,066 DEBUG: Button x (index 0) state: 0
2024-09-20 15:27:34,067 DEBUG: Button circle (index 1) state: 0
2024-09-20 15:27:34,067 DEBUG: Button triangle (index 2) state: 0
2024-09-20 15:27:34,067 DEBUG: Button l1 (index 4) state: 0
2024-09-20 15:27:34,067 DEBUG: Button r1 (index 5) state: 0
2024-09-20 15:27:34,067 DEBUG: Button l2 (index 6) state: 0
2024-09-20 15:27:34,067 DEBUG: Button r2 (index 7) state: 0
2024-09-20 15:27:34,067 DEBUG: Button share (index 8) state: 0
2024-09-20 15:27:34,067 DEBUG: Button options (index 9) state: 0
2024-09-20 15:27:34,067 DEBUG: Button l3 (index 10) state: 0
2024-09-20 15:27:34,067 DEBUG: Button r3 (index 11) state: 0
2024-09-20 15:27:34,067 DEBUG: Button ps (index 12) state: 0
2024-09-20 15:27:34,067 DEBUG: D-pad state: False, False, False, False
2024-09-20 15:27:34,067 DEBUG: Button states: {'square': 0, 'x': 0, 'circle': 0, 'triangle': 0, 'l1': 0, 'r1': 0, 'l2': 0, 'r2': 0, 'share': 0, 'options': 0, 'l3': 0, 'r3': 0, 'ps': 0, 'dpad_up': False, 'dpad_down': False, 'dpad_left': False, 'dpad_right': False}
2024-09-20 15:27:34,067 INFO: Getting trigger input
2024-09-20 15:27:34,068 DEBUG: Trigger values - L2: -1.0, R2: -1.0
2024-09-20 15:27:34,068 DEBUG: Trigger inputs: L2=-1.0, R2=-1.0
2024-09-20 15:27:34,068 DEBUG: Adjusting wheg speed: trigger_value=-1.0, current_rpm=0
2024-09-20 15:27:34,068 DEBUG: Adjusted wheg speed: target_rpm=0.0, current_rpm=0.0
2024-09-20 15:27:34,068 INFO: Changing to new gait: gait_1
2024-09-20 15:27:34,068 INFO: Executing Gait 1
2024-09-20 15:27:34,078 INFO: Torque disabled for motor 1
2024-09-20 15:27:34,078 INFO: Torque off for wheg_id=1
2024-09-20 15:27:34,084 INFO: Torque disabled for motor 2
2024-09-20 15:27:34,084 INFO: Torque off for wheg_id=2
2024-09-20 15:27:34,089 INFO: Torque disabled for motor 3
2024-09-20 15:27:34,089 INFO: Torque off for wheg_id=3
2024-09-20 15:27:34,094 INFO: Torque disabled for motor 4
2024-09-20 15:27:34,094 INFO: Torque off for wheg_id=4
2024-09-20 15:27:34,099 INFO: Torque disabled for motor 5
2024-09-20 15:27:34,099 INFO: Torque off for wheg_id=5
2024-09-20 15:27:34,104 INFO: Torque disabled for motor 6
2024-09-20 15:27:34,105 INFO: Torque off for wheg_id=6
2024-09-20 15:27:34,105 INFO: Closing PS4Controller and quitting pygame
2024-09-20 15:27:34,168 INFO: Port closed
2024-09-20 15:27:34,168 INFO: Shutdown complete.
