2024-09-20 15:31:06,820 INFO: Initializing PS4Controller
2024-09-20 15:31:07,119 DEBUG: Pygame initialized
2024-09-20 15:31:07,120 DEBUG: Joystick initialized
2024-09-20 15:31:07,120 DEBUG: Number of buttons on the controller: 13
2024-09-20 15:31:07,126 INFO: Port /dev/ttyACM0 opened successfully
2024-09-20 15:31:07,139 INFO: Baudrate set to 57600
2024-09-20 15:31:07,140 INFO: Initialized PS4 controller and Dynamixel
2024-09-20 15:31:07,145 INFO: Operating mode set to velocity for motor 1
2024-09-20 15:31:07,151 INFO: Torque enabled for motor 1
2024-09-20 15:31:07,151 INFO: Torque on for wheg_id=1
2024-09-20 15:31:07,156 INFO: Operating mode set to velocity for motor 2
2024-09-20 15:31:07,161 INFO: Torque enabled for motor 2
2024-09-20 15:31:07,162 INFO: Torque on for wheg_id=2
2024-09-20 15:31:07,167 INFO: Operating mode set to velocity for motor 3
2024-09-20 15:31:07,172 INFO: Torque enabled for motor 3
2024-09-20 15:31:07,172 INFO: Torque on for wheg_id=3
2024-09-20 15:31:07,177 INFO: Operating mode set to velocity for motor 4
2024-09-20 15:31:07,182 INFO: Torque enabled for motor 4
2024-09-20 15:31:07,182 INFO: Torque on for wheg_id=4
2024-09-20 15:31:07,187 INFO: Operating mode set to velocity for motor 5
2024-09-20 15:31:07,192 INFO: Torque enabled for motor 5
2024-09-20 15:31:07,193 INFO: Torque on for wheg_id=5
2024-09-20 15:31:07,198 INFO: Operating mode set to velocity for motor 6
2024-09-20 15:31:07,203 INFO: Torque enabled for motor 6
2024-09-20 15:31:07,203 INFO: Torque on for wheg_id=6
2024-09-20 15:31:07,208 ERROR: Error setting operating mode for motor 7: [RxPacketError] Writing or Reading is not available to target address!
2024-09-20 15:31:07,209 INFO: Operating mode set to position for motor 7
2024-09-20 15:31:07,214 INFO: Torque enabled for motor 7
2024-09-20 15:31:07,220 ERROR: Error setting operating mode for motor 8: [RxPacketError] Writing or Reading is not available to target address!
2024-09-20 15:31:07,220 INFO: Operating mode set to position for motor 8
2024-09-20 15:31:07,225 INFO: Torque enabled for motor 8
2024-09-20 15:31:07,226 INFO: Getting button input
2024-09-20 15:31:07,226 DEBUG: Button square (index 3) state: 0
2024-09-20 15:31:07,226 DEBUG: Button x (index 0) state: 0
2024-09-20 15:31:07,226 DEBUG: Button circle (index 1) state: 0
2024-09-20 15:31:07,226 DEBUG: Button triangle (index 2) state: 0
2024-09-20 15:31:07,226 DEBUG: Button l1 (index 4) state: 0
2024-09-20 15:31:07,226 DEBUG: Button r1 (index 5) state: 0
2024-09-20 15:31:07,226 DEBUG: Button l2 (index 6) state: 0
2024-09-20 15:31:07,226 DEBUG: Button r2 (index 7) state: 0
2024-09-20 15:31:07,226 DEBUG: Button share (index 8) state: 0
2024-09-20 15:31:07,226 DEBUG: Button options (index 9) state: 0
2024-09-20 15:31:07,226 DEBUG: Button l3 (index 10) state: 0
2024-09-20 15:31:07,227 DEBUG: Button r3 (index 11) state: 0
2024-09-20 15:31:07,227 DEBUG: Button ps (index 12) state: 0
2024-09-20 15:31:07,227 DEBUG: D-pad state: False, False, False, False
2024-09-20 15:31:07,227 DEBUG: Button states: {'square': 0, 'x': 0, 'circle': 0, 'triangle': 0, 'l1': 0, 'r1': 0, 'l2': 0, 'r2': 0, 'share': 0, 'options': 0, 'l3': 0, 'r3': 0, 'ps': 0, 'dpad_up': False, 'dpad_down': False, 'dpad_left': False, 'dpad_right': False}
2024-09-20 15:31:07,227 INFO: Getting trigger input
2024-09-20 15:31:07,227 DEBUG: Trigger values - L2: -1.0, R2: -1.0
2024-09-20 15:31:07,227 DEBUG: Trigger inputs: L2=-1.0, R2=-1.0
2024-09-20 15:31:07,227 DEBUG: Adjusting wheg speed: trigger_value=-1.0, current_rpm=0
2024-09-20 15:31:07,227 DEBUG: Adjusted wheg speed: target_rpm=0.0, current_rpm=0.0
2024-09-20 15:31:07,227 INFO: Changing to new gait: gait_1
2024-09-20 15:31:07,227 INFO: Executing Gait 1
2024-09-20 15:31:07,232 INFO: Torque disabled for motor 1
2024-09-20 15:31:07,232 INFO: Torque off for wheg_id=1
2024-09-20 15:31:07,237 INFO: Torque disabled for motor 2
2024-09-20 15:31:07,238 INFO: Torque off for wheg_id=2
2024-09-20 15:31:07,243 INFO: Torque disabled for motor 3
2024-09-20 15:31:07,243 INFO: Torque off for wheg_id=3
2024-09-20 15:31:07,248 INFO: Torque disabled for motor 4
2024-09-20 15:31:07,248 INFO: Torque off for wheg_id=4
2024-09-20 15:31:07,253 INFO: Torque disabled for motor 5
2024-09-20 15:31:07,253 INFO: Torque off for wheg_id=5
2024-09-20 15:31:07,258 INFO: Torque disabled for motor 6
2024-09-20 15:31:07,258 INFO: Torque off for wheg_id=6
2024-09-20 15:31:07,259 INFO: Closing PS4Controller and quitting pygame
2024-09-20 15:31:07,328 INFO: Port closed
2024-09-20 15:31:07,328 INFO: Shutdown complete.
