2024-09-20 15:33:29,926 INFO: Initializing PS4Controller
2024-09-20 15:33:30,227 DEBUG: Pygame initialized
2024-09-20 15:33:30,228 DEBUG: Joystick initialized
2024-09-20 15:33:30,228 DEBUG: Number of buttons on the controller: 13
2024-09-20 15:33:30,233 INFO: Port /dev/ttyACM0 opened successfully
2024-09-20 15:33:30,246 INFO: Baudrate set to 57600
2024-09-20 15:33:30,247 INFO: Initialized PS4 controller and Dynamixel
2024-09-20 15:33:30,252 INFO: Operating mode set to velocity for motor 1
2024-09-20 15:33:30,257 INFO: Torque enabled for motor 1
2024-09-20 15:33:30,258 INFO: Torque on for wheg_id=1
2024-09-20 15:33:30,263 INFO: Operating mode set to velocity for motor 2
2024-09-20 15:33:30,268 INFO: Torque enabled for motor 2
2024-09-20 15:33:30,268 INFO: Torque on for wheg_id=2
2024-09-20 15:33:30,273 INFO: Operating mode set to velocity for motor 3
2024-09-20 15:33:30,278 INFO: Torque enabled for motor 3
2024-09-20 15:33:30,279 INFO: Torque on for wheg_id=3
2024-09-20 15:33:30,284 INFO: Operating mode set to velocity for motor 4
2024-09-20 15:33:30,289 INFO: Torque enabled for motor 4
2024-09-20 15:33:30,289 INFO: Torque on for wheg_id=4
2024-09-20 15:33:30,295 INFO: Operating mode set to velocity for motor 5
2024-09-20 15:33:30,300 INFO: Torque enabled for motor 5
2024-09-20 15:33:30,300 INFO: Torque on for wheg_id=5
2024-09-20 15:33:30,305 INFO: Operating mode set to velocity for motor 6
2024-09-20 15:33:30,310 INFO: Torque enabled for motor 6
2024-09-20 15:33:30,310 INFO: Torque on for wheg_id=6
2024-09-20 15:33:30,316 ERROR: Error setting operating mode for motor 7: [RxPacketError] Writing or Reading is not available to target address!
2024-09-20 15:33:30,316 INFO: Operating mode set to position for motor 7
2024-09-20 15:33:30,322 INFO: Torque enabled for motor 7
2024-09-20 15:33:30,327 ERROR: Error setting operating mode for motor 8: [RxPacketError] Writing or Reading is not available to target address!
2024-09-20 15:33:30,327 INFO: Operating mode set to position for motor 8
2024-09-20 15:33:30,333 INFO: Torque enabled for motor 8
2024-09-20 15:33:30,333 INFO: Getting button input
2024-09-20 15:33:30,333 DEBUG: Button square (index 3) state: 0
2024-09-20 15:33:30,333 DEBUG: Button x (index 0) state: 0
2024-09-20 15:33:30,333 DEBUG: Button circle (index 1) state: 0
2024-09-20 15:33:30,334 DEBUG: Button triangle (index 2) state: 0
2024-09-20 15:33:30,334 DEBUG: Button l1 (index 4) state: 0
2024-09-20 15:33:30,334 DEBUG: Button r1 (index 5) state: 0
2024-09-20 15:33:30,334 DEBUG: Button l2 (index 6) state: 0
2024-09-20 15:33:30,334 DEBUG: Button r2 (index 7) state: 0
2024-09-20 15:33:30,334 DEBUG: Button share (index 8) state: 0
2024-09-20 15:33:30,334 DEBUG: Button options (index 9) state: 0
2024-09-20 15:33:30,334 DEBUG: Button l3 (index 10) state: 0
2024-09-20 15:33:30,334 DEBUG: Button r3 (index 11) state: 0
2024-09-20 15:33:30,334 DEBUG: Button ps (index 12) state: 0
2024-09-20 15:33:30,334 DEBUG: D-pad state: False, False, False, False
2024-09-20 15:33:30,334 DEBUG: Button states: {'square': 0, 'x': 0, 'circle': 0, 'triangle': 0, 'l1': 0, 'r1': 0, 'l2': 0, 'r2': 0, 'share': 0, 'options': 0, 'l3': 0, 'r3': 0, 'ps': 0, 'dpad_up': False, 'dpad_down': False, 'dpad_left': False, 'dpad_right': False}
2024-09-20 15:33:30,334 INFO: Getting trigger input
2024-09-20 15:33:30,334 DEBUG: Trigger values - L2: -1.0, R2: -1.0
2024-09-20 15:33:30,335 DEBUG: Trigger inputs: L2=-1.0, R2=-1.0
2024-09-20 15:33:30,335 DEBUG: Adjusting wheg speed: trigger_value=-1.0, current_rpm=0
2024-09-20 15:33:30,335 DEBUG: Adjusted wheg speed: target_rpm=0.0, current_rpm=0.0
2024-09-20 15:33:30,335 INFO: Changing to new gait: gait_1
2024-09-20 15:33:30,335 INFO: Executing Gait 1
2024-09-20 15:33:30,340 INFO: Torque disabled for motor 1
2024-09-20 15:33:30,340 INFO: Torque off for wheg_id=1
2024-09-20 15:33:30,345 INFO: Torque disabled for motor 2
2024-09-20 15:33:30,345 INFO: Torque off for wheg_id=2
2024-09-20 15:33:30,350 INFO: Torque disabled for motor 3
2024-09-20 15:33:30,350 INFO: Torque off for wheg_id=3
2024-09-20 15:33:30,355 INFO: Torque disabled for motor 4
2024-09-20 15:33:30,356 INFO: Torque off for wheg_id=4
2024-09-20 15:33:30,361 INFO: Torque disabled for motor 5
2024-09-20 15:33:30,361 INFO: Torque off for wheg_id=5
2024-09-20 15:33:30,366 INFO: Torque disabled for motor 6
2024-09-20 15:33:30,366 INFO: Torque off for wheg_id=6
2024-09-20 15:33:30,366 INFO: Closing PS4Controller and quitting pygame
2024-09-20 15:33:30,443 INFO: Port closed
2024-09-20 15:33:30,443 INFO: Shutdown complete.
